  Camera.cpp
  Coordinate.cpp
E:\Graphics\DrawTrangleMesh\Coordinate.cpp(24,28): warning C4244: “参数”: 从“double”转换到“int”，可能丢失数据
E:\Graphics\DrawTrangleMesh\Coordinate.cpp(24,19): warning C4244: “参数”: 从“double”转换到“int”，可能丢失数据
E:\Graphics\DrawTrangleMesh\Coordinate.cpp(25,28): warning C4244: “参数”: 从“double”转换到“int”，可能丢失数据
E:\Graphics\DrawTrangleMesh\Coordinate.cpp(25,19): warning C4244: “参数”: 从“double”转换到“int”，可能丢失数据
E:\Graphics\DrawTrangleMesh\Coordinate.cpp(26,28): warning C4244: “参数”: 从“double”转换到“int”，可能丢失数据
E:\Graphics\DrawTrangleMesh\Coordinate.cpp(26,19): warning C4244: “参数”: 从“double”转换到“int”，可能丢失数据
E:\Graphics\DrawTrangleMesh\Coordinate.cpp(27,28): warning C4244: “参数”: 从“double”转换到“int”，可能丢失数据
E:\Graphics\DrawTrangleMesh\Coordinate.cpp(27,19): warning C4244: “参数”: 从“double”转换到“int”，可能丢失数据
E:\Graphics\DrawTrangleMesh\Coordinate.cpp(28,28): warning C4244: “参数”: 从“double”转换到“int”，可能丢失数据
E:\Graphics\DrawTrangleMesh\Coordinate.cpp(28,19): warning C4244: “参数”: 从“double”转换到“int”，可能丢失数据
E:\Graphics\DrawTrangleMesh\Coordinate.cpp(29,28): warning C4244: “参数”: 从“double”转换到“int”，可能丢失数据
E:\Graphics\DrawTrangleMesh\Coordinate.cpp(29,19): warning C4244: “参数”: 从“double”转换到“int”，可能丢失数据
  Cube.cpp
E:\Graphics\DrawTrangleMesh\Cube.cpp(67,43): warning C4244: “参数”: 从“double”转换到“int”，可能丢失数据
E:\Graphics\DrawTrangleMesh\Cube.cpp(67,28): warning C4244: “参数”: 从“double”转换到“int”，可能丢失数据
E:\Graphics\DrawTrangleMesh\Cube.cpp(72,43): warning C4244: “参数”: 从“double”转换到“int”，可能丢失数据
E:\Graphics\DrawTrangleMesh\Cube.cpp(72,28): warning C4244: “参数”: 从“double”转换到“int”，可能丢失数据
E:\Graphics\DrawTrangleMesh\Cube.cpp(76,27): warning C4244: “参数”: 从“double”转换到“int”，可能丢失数据
E:\Graphics\DrawTrangleMesh\Cube.cpp(76,19): warning C4244: “参数”: 从“double”转换到“int”，可能丢失数据
  CubeT.cpp
E:\Graphics\DrawTrangleMesh\CubeT.h(1,1): warning C4819: 该文件包含不能在当前代码页(936)中表示的字符。请将该文件保存为 Unicode 格式以防止数据丢失
E:\Graphics\DrawTrangleMesh\CubeT.cpp(236,28): warning C4244: “参数”: 从“double”转换到“int”，可能丢失数据
E:\Graphics\DrawTrangleMesh\CubeT.cpp(236,20): warning C4244: “参数”: 从“double”转换到“int”，可能丢失数据
E:\Graphics\DrawTrangleMesh\CubeT.cpp(293,12): warning C4244: “初始化”: 从“double”转换到“int”，可能丢失数据
E:\Graphics\DrawTrangleMesh\CubeT.cpp(294,12): warning C4244: “初始化”: 从“double”转换到“int”，可能丢失数据
E:\Graphics\DrawTrangleMesh\CubeT.cpp(295,12): warning C4244: “初始化”: 从“double”转换到“int”，可能丢失数据
E:\Graphics\DrawTrangleMesh\CubeT.cpp(296,12): warning C4244: “初始化”: 从“double”转换到“int”，可能丢失数据
E:\Graphics\DrawTrangleMesh\CubeT.cpp(380,12): warning C4244: “初始化”: 从“double”转换到“int”，可能丢失数据
E:\Graphics\DrawTrangleMesh\CubeT.cpp(381,12): warning C4244: “初始化”: 从“double”转换到“int”，可能丢失数据
E:\Graphics\DrawTrangleMesh\CubeT.cpp(382,12): warning C4244: “初始化”: 从“double”转换到“int”，可能丢失数据
E:\Graphics\DrawTrangleMesh\CubeT.cpp(383,12): warning C4244: “初始化”: 从“double”转换到“int”，可能丢失数据
  DrawTrangle.cpp
E:\Graphics\DrawTrangleMesh\CubeT.h(1,1): warning C4819: 该文件包含不能在当前代码页(936)中表示的字符。请将该文件保存为 Unicode 格式以防止数据丢失
  DrawTrangleView.cpp
E:\Graphics\DrawTrangleMesh\CubeT.h(1,1): warning C4819: 该文件包含不能在当前代码页(936)中表示的字符。请将该文件保存为 Unicode 格式以防止数据丢失
  Face.cpp
  FaceT.cpp
  Lighting.cpp
  LightSRC.cpp
  Line.cpp
E:\Graphics\DrawTrangleMesh\Line.cpp(14,19): warning C4244: “参数”: 从“double”转换到“int”，可能丢失数据
E:\Graphics\DrawTrangleMesh\Line.cpp(14,13): warning C4244: “参数”: 从“double”转换到“int”，可能丢失数据
E:\Graphics\DrawTrangleMesh\Line.cpp(31,9): warning C4244: “初始化”: 从“double”转换到“int”，可能丢失数据
E:\Graphics\DrawTrangleMesh\Line.cpp(32,9): warning C4244: “初始化”: 从“double”转换到“int”，可能丢失数据
E:\Graphics\DrawTrangleMesh\Line.cpp(58,24): warning C4244: “参数”: 从“double”转换到“int”，可能丢失数据
E:\Graphics\DrawTrangleMesh\Line.cpp(58,19): warning C4244: “参数”: 从“double”转换到“int”，可能丢失数据
  Material.cpp
  Mesh.cpp
E:\Graphics\DrawTrangleMesh\Mesh.cpp(32,12): warning C4244: “初始化”: 从“double”转换到“int”，可能丢失数据
E:\Graphics\DrawTrangleMesh\Mesh.cpp(33,12): warning C4244: “初始化”: 从“double”转换到“int”，可能丢失数据
E:\Graphics\DrawTrangleMesh\Mesh.cpp(34,12): warning C4244: “初始化”: 从“double”转换到“int”，可能丢失数据
E:\Graphics\DrawTrangleMesh\Mesh.cpp(35,12): warning C4244: “初始化”: 从“double”转换到“int”，可能丢失数据
  P3.cpp
  Point2.cpp
  RGB.cpp
  Transform3.cpp
  UI.cpp
E:\Graphics\DrawTrangleMesh\UI.cpp(49,53): warning C4244: “参数”: 从“double”转换到“int”，可能丢失数据
E:\Graphics\DrawTrangleMesh\UI.cpp(49,38): warning C4244: “参数”: 从“double”转换到“int”，可能丢失数据
E:\Graphics\DrawTrangleMesh\UI.cpp(49,90): warning C4244: “参数”: 从“double”转换到“int”，可能丢失数据
E:\Graphics\DrawTrangleMesh\UI.cpp(49,75): warning C4244: “参数”: 从“double”转换到“int”，可能丢失数据
E:\Graphics\DrawTrangleMesh\UI.cpp(54,53): warning C4244: “参数”: 从“double”转换到“int”，可能丢失数据
E:\Graphics\DrawTrangleMesh\UI.cpp(54,38): warning C4244: “参数”: 从“double”转换到“int”，可能丢失数据
E:\Graphics\DrawTrangleMesh\UI.cpp(54,90): warning C4244: “参数”: 从“double”转换到“int”，可能丢失数据
E:\Graphics\DrawTrangleMesh\UI.cpp(54,75): warning C4244: “参数”: 从“double”转换到“int”，可能丢失数据
  正在生成代码
  121 of 429 functions (28.2%) were compiled, the rest were copied from previous compilation.
    44 functions were new in current compilation
    25 functions had inline decision re-evaluated but remain unchanged
  已完成代码的生成
  DrawTrangle.vcxproj -> E:\Graphics\DrawTrangleMesh\Release\DrawTrangle.exe
